c:\users\hp\documents\github\vgihurakanfull\entornvgi\debug\entornvgi.pch
c:\users\hp\documents\github\vgihurakanfull\entornvgi\debug\vc142.pdb
c:\users\hp\documents\github\vgihurakanfull\entornvgi\debug\stdafx.obj
c:\users\hp\documents\github\vgihurakanfull\entornvgi\debug\classview.obj
c:\users\hp\documents\github\vgihurakanfull\entornvgi\debug\fileview.obj
c:\users\hp\documents\github\vgihurakanfull\entornvgi\debug\load3ds.obj
c:\users\hp\documents\github\vgihurakanfull\entornvgi\debug\glut_geometry.obj
c:\users\hp\documents\github\vgihurakanfull\entornvgi\debug\visualitzacio.obj
c:\users\hp\documents\github\vgihurakanfull\entornvgi\debug\entornvgi.obj
c:\users\hp\documents\github\vgihurakanfull\entornvgi\debug\mainfrm.obj
c:\users\hp\documents\github\vgihurakanfull\entornvgi\debug\objecte.obj
c:\users\hp\documents\github\vgihurakanfull\entornvgi\debug\objloader.obj
c:\users\hp\documents\github\vgihurakanfull\entornvgi\debug\cxboxcontroller.obj
c:\users\hp\documents\github\vgihurakanfull\entornvgi\debug\entornvgidoc.obj
c:\users\hp\documents\github\vgihurakanfull\entornvgi\debug\hurakan.obj
c:\users\hp\documents\github\vgihurakanfull\entornvgi\debug\obj3ds.obj
c:\users\hp\documents\github\vgihurakanfull\entornvgi\debug\material.obj
c:\users\hp\documents\github\vgihurakanfull\entornvgi\debug\childfrm.obj
c:\users\hp\documents\github\vgihurakanfull\entornvgi\debug\entornvgiview.obj
c:\users\hp\documents\github\vgihurakanfull\entornvgi\debug\outputwnd.obj
c:\users\hp\documents\github\vgihurakanfull\entornvgi\debug\propertieswnd.obj
c:\users\hp\documents\github\vgihurakanfull\entornvgi\debug\viewtree.obj
c:\users\hp\documents\github\vgihurakanfull\entornvgi\debug\escena.obj
c:\users\miki\desktop\vgihurakanfull\debug\entornvgi.lib
c:\users\miki\desktop\vgihurakanfull\debug\entornvgi.exp
c:\users\hp\documents\github\vgihurakanfull\debug\entornvgi.lib
c:\users\hp\documents\github\vgihurakanfull\debug\entornvgi.exp
c:\users\miki\desktop\vgihurakanfull\debug\entornvgi.exe
c:\users\miki\desktop\vgihurakanfull\debug\entornvgi.ilk
c:\users\miki\desktop\vgihurakanfull\debug\entornvgi.pdb
c:\users\hp\documents\github\vgihurakanfull\debug\entornvgi.exe
c:\users\hp\documents\github\vgihurakanfull\debug\entornvgi.ilk
c:\users\hp\documents\github\vgihurakanfull\debug\entornvgi.pdb
c:\users\hp\documents\github\vgihurakanfull\entornvgi\debug\entornvgi.res
c:\users\miki\desktop\vgihurakanfull\entornvgi\debug\childfrm.obj
c:\users\miki\desktop\vgihurakanfull\entornvgi\debug\classview.obj
c:\users\miki\desktop\vgihurakanfull\entornvgi\debug\cxboxcontroller.obj
c:\users\miki\desktop\vgihurakanfull\entornvgi\debug\demo_prova.obj
c:\users\miki\desktop\vgihurakanfull\entornvgi\debug\entornvgi.obj
c:\users\miki\desktop\vgihurakanfull\entornvgi\debug\entornvgidoc.obj
c:\users\miki\desktop\vgihurakanfull\entornvgi\debug\entornvgiview.obj
c:\users\miki\desktop\vgihurakanfull\entornvgi\debug\escena.obj
c:\users\miki\desktop\vgihurakanfull\entornvgi\debug\fileview.obj
c:\users\miki\desktop\vgihurakanfull\entornvgi\debug\glut_geometry.obj
c:\users\miki\desktop\vgihurakanfull\entornvgi\debug\hurakan.obj
c:\users\miki\desktop\vgihurakanfull\entornvgi\debug\load3ds.obj
c:\users\miki\desktop\vgihurakanfull\entornvgi\debug\mainfrm.obj
c:\users\miki\desktop\vgihurakanfull\entornvgi\debug\material.obj
c:\users\miki\desktop\vgihurakanfull\entornvgi\debug\move.obj
c:\users\miki\desktop\vgihurakanfull\entornvgi\debug\movequeue.obj
c:\users\miki\desktop\vgihurakanfull\entornvgi\debug\obj3ds.obj
c:\users\miki\desktop\vgihurakanfull\entornvgi\debug\objecte.obj
c:\users\miki\desktop\vgihurakanfull\entornvgi\debug\objeto.obj
c:\users\miki\desktop\vgihurakanfull\entornvgi\debug\objloader.obj
c:\users\miki\desktop\vgihurakanfull\entornvgi\debug\outputwnd.obj
c:\users\miki\desktop\vgihurakanfull\entornvgi\debug\propertieswnd.obj
c:\users\miki\desktop\vgihurakanfull\entornvgi\debug\stdafx.obj
c:\users\miki\desktop\vgihurakanfull\entornvgi\debug\viewtree.obj
c:\users\miki\desktop\vgihurakanfull\entornvgi\debug\visualitzacio.obj
c:\users\miki\desktop\vgihurakanfull\entornvgi\debug\entornvgi.res
c:\users\miki\desktop\vgihurakanfull\entornvgi\debug\entornvgi.pch
c:\users\miki\desktop\vgihurakanfull\entornvgi\debug\vc142.pdb
c:\users\miki\desktop\vgihurakanfull\entornvgi\debug\entornvgi.tlog\cl.command.1.tlog
c:\users\miki\desktop\vgihurakanfull\entornvgi\debug\entornvgi.tlog\cl.read.1.tlog
c:\users\miki\desktop\vgihurakanfull\entornvgi\debug\entornvgi.tlog\cl.write.1.tlog
c:\users\miki\desktop\vgihurakanfull\entornvgi\debug\entornvgi.tlog\entornvgi.write.1u.tlog
c:\users\miki\desktop\vgihurakanfull\entornvgi\debug\entornvgi.tlog\link.command.1.tlog
c:\users\miki\desktop\vgihurakanfull\entornvgi\debug\entornvgi.tlog\link.delete.1.tlog
c:\users\miki\desktop\vgihurakanfull\entornvgi\debug\entornvgi.tlog\link.read.1.tlog
c:\users\miki\desktop\vgihurakanfull\entornvgi\debug\entornvgi.tlog\link.write.1.tlog
c:\users\miki\desktop\vgihurakanfull\entornvgi\debug\entornvgi.tlog\rc.command.1.tlog
c:\users\miki\desktop\vgihurakanfull\entornvgi\debug\entornvgi.tlog\rc.read.1.tlog
c:\users\miki\desktop\vgihurakanfull\entornvgi\debug\entornvgi.tlog\rc.write.1.tlog
